This file contains any messages produced by compilers while
running CMake, to aid debugging if configure makes a mistake.

It was created by pinocchio CMake configuration process 2.6.21, which was
generated by CMake 4.1.0-rc4.

## --------- ##
## Platform. ##
## --------- ##

hostname = ORION
system = Windows-10.0.26100
processor = AMD64
generator = Visual Studio 17 2022

PATH C:\Program Files\Microsoft Visual Studio\2022\Community\VC\Tools\MSVC\14.43.34808\bin\HostX64\x64
PATH C:\Program Files (x86)\Windows Kits\10\bin\10.0.22621.0\x64
PATH 
PATH C:\Program Files (x86)\Windows Kits\10\bin\10.0.22621.0\x86
PATH 
PATH C:\Program Files\Microsoft Visual Studio\2022\Community\Common7\tools
PATH C:\Program Files\Microsoft Visual Studio\2022\Community\Common7\ide
PATH C:\Program Files (x86)\HTML Help Workshop
PATH 
PATH C:\Program Files\Microsoft Visual Studio\2022\Community\MSBuild\Current\Bin\amd64
PATH C:\Windows\Microsoft.NET\Framework64\v4.0.30319\
PATH C:\Windows\Microsoft.NET\Framework\v4.0.30319\
PATH C:\Program Files\Microsoft Visual Studio\2022\Community\MSBuild\Current\Bin
PATH C:\Windows\Microsoft.NET\Framework\v4.0.30319\
PATH 
PATH C:\Program Files\Microsoft Visual Studio\2022\Community\VC\Tools\MSVC\14.43.34808\bin\HostX64\x64
PATH C:\Program Files\Microsoft Visual Studio\2022\Community\Common7\IDE\VC\VCPackages
PATH C:\Program Files\Microsoft Visual Studio\2022\Community\Common7\IDE\CommonExtensions\Microsoft\TestWindow
PATH C:\Program Files\Microsoft Visual Studio\2022\Community\Common7\IDE\CommonExtensions\Microsoft\TeamFoundation\Team Explorer
PATH C:\Program Files\Microsoft Visual Studio\2022\Community\MSBuild\Current\bin\Roslyn
PATH C:\Program Files\Microsoft Visual Studio\2022\Community\Team Tools\DiagnosticsHub\Collector
PATH C:\Program Files (x86)\Windows Kits\10\bin\10.0.22621.0\\x64
PATH C:\Program Files (x86)\Windows Kits\10\bin\\x64
PATH C:\Program Files\Microsoft Visual Studio\2022\Community\\MSBuild\Current\Bin\amd64
PATH C:\Windows\Microsoft.NET\Framework64\v4.0.30319
PATH C:\Program Files\Microsoft Visual Studio\2022\Community\Common7\IDE\
PATH C:\Program Files\Microsoft Visual Studio\2022\Community\Common7\Tools\
PATH C:\Windows\system32
PATH C:\Windows
PATH C:\Windows\System32\Wbem
PATH C:\Windows\System32\WindowsPowerShell\v1.0\
PATH C:\Windows\System32\OpenSSH\
PATH C:\Program Files\dotnet\
PATH C:\Program Files (x86)\NVIDIA Corporation\PhysX\Common
PATH C:\Program Files\NVIDIA Corporation\NVIDIA NvDLISR
PATH C:\Program Files\Git\cmd
PATH C:\Program Files\nodejs\
PATH C:\ProgramData\chocolatey\bin
PATH C:\Program Files (x86)\Windows Kits\10\Windows Performance Toolkit\
PATH C:\Program Files\PuTTY\
PATH C:\Program Files\LLVM\bin
PATH C:\Program Files\CMake\bin
PATH C:\Users\nicol\Alt_Bionics\GitLab\surge\firmware\Apps\pinocchio_ik_v2\hand_superbuild\build\stage\pinocchio\bin
PATH C:\Users\nicol\Alt_Bionics\GitLab\surge\firmware\Apps\pinocchio_ik_v2\hand_superbuild\build\stage\urdfdom\bin
PATH C:\Users\nicol\AppData\Local\Programs\Python\Python310\Scripts\
PATH C:\Users\nicol\AppData\Local\Programs\Python\Python310\
PATH C:\Users\nicol\AppData\Local\Programs\Python\Python311\Scripts\
PATH C:\Users\nicol\AppData\Local\Programs\Python\Python311\
PATH C:\Users\nicol\AppData\Local\Programs\Python\Python312\Scripts\
PATH C:\Users\nicol\AppData\Local\Programs\Python\Python312\
PATH C:\Users\nicol\AppData\Local\Programs\Python\Launcher\
PATH C:\Users\nicol\AppData\Local\Microsoft\WindowsApps
PATH C:\Users\nicol\AppData\Roaming\npm
PATH C:\Users\nicol\Infineon\LauncherService
PATH C:\Users\nicol\vcpkg\installed\x64-windows\bin
PATH 
PATH C:\Program Files\Microsoft Visual Studio\2022\Community\Common7\IDE\CommonExtensions\Microsoft\CMake\CMake\bin
PATH C:\Program Files\Microsoft Visual Studio\2022\Community\Common7\IDE\CommonExtensions\Microsoft\CMake\Ninja
PATH C:\Program Files\Microsoft Visual Studio\2022\Community\Common7\IDE\VC\Linux\bin\ConnectionManagerExe
PATH C:\Program Files\Microsoft Visual Studio\2022\Community\VC\vcpkg
PATH 

PKG_CONFIG_PATH undefined

## ---------------- ##
## CMake variables. ##
## ---------------- ##

CMAKE_ROOT = C:/Program Files/CMake/share/cmake-4.1
CMAKE_INCLUDE_PATH = C:/Users/nicol/Alt_Bionics/GitLab/surge/firmware/Apps/pinocchio_ik_v3/hand_ik/hand_ik/build/stage/urdfdom/include
CMAKE_LIBRARY_PATH = 
CMAKE_PREFIX_PATH = C:/Users/nicol/Alt_Bionics/GitLab/surge/firmware/Apps/pinocchio_ik_v3/hand_ik/hand_ik/build/stage/urdfdom
CMAKE_INSTALL_ALWAYS = 
CMAKE_SKIP_RPATH = NO
CMAKE_SUPPRESS_REGENERATION = 
BUILD_SHARED_LIBS = OFF

CMAKE_INSTALL_PREFIX = C:/Users/nicol/Alt_Bionics/GitLab/surge/firmware/Apps/pinocchio_ik_v3/hand_ik/hand_ik/build/stage/pinocchio
PROJECT_SOURCE_DIR = C:/Users/nicol/Alt_Bionics/GitLab/surge/firmware/Apps/pinocchio_ik_v3/hand_ik/hand_ik/build/pinocchio_ext-prefix/src/pinocchio_ext
PROJECT_SOURCE_DIR = C:/Users/nicol/Alt_Bionics/GitLab/surge/firmware/Apps/pinocchio_ik_v3/hand_ik/hand_ik/build/pinocchio_ext-prefix/src/pinocchio_ext
PROJECT_BINARY_DIR = C:/Users/nicol/Alt_Bionics/GitLab/surge/firmware/Apps/pinocchio_ik_v3/hand_ik/hand_ik/build/pinocchio_ext-prefix/src/pinocchio_ext-build
CMAKE_BINARY_DIR = C:/Users/nicol/Alt_Bionics/GitLab/surge/firmware/Apps/pinocchio_ik_v3/hand_ik/hand_ik/build/pinocchio_ext-prefix/src/pinocchio_ext-build

CMAKE_AR = C:/Program Files/Microsoft Visual Studio/2022/Community/VC/Tools/MSVC/14.43.34808/bin/Hostx64/x64/lib.exe
CMAKE_RANLIB = :
CMAKE_BUILD_TYPE = Release
CMAKE_CONFIGURATION_TYPES = Debug;Release;MinSizeRel;RelWithDebInfo
CMAKE_SHARED_LINKER_FLAGS = /machine:x64

CMAKE_C_COMPILER = 
CMAKE_C_FLAGS = 
CMAKE_C_FLAGS_DEBUG = 
CMAKE_C_FLAGS_RELEASE = 
CMAKE_CXX_COMPILER = C:/Program Files/Microsoft Visual Studio/2022/Community/VC/Tools/MSVC/14.43.34808/bin/Hostx64/x64/cl.exe
CMAKE_CXX_FLAGS = -D_SCL_SECURE_NO_WARNINGS -D_CRT_SECURE_NO_WARNINGS -D_CRT_SECURE_NO_DEPRECATE /wd4101 /wd4250 /wd4251 /wd4275 /wd4355 /DWIN32 /D_WINDOWS /W3 /GR /EHsc /Zc:__cplusplus
CMAKE_CXX_FLAGS_DEBUG = /MDd /Zi /Ob0 /Od /RTC1
CMAKE_CXX_FLAGS_RELEASE = /MD /O2 /Ob2 /DNDEBUG
CMAKE_CXX_FLAGS_RELWITHDEBINFO = /MD /Zi /O2 /Ob1 /DNDEBUG

CMAKE_STATIC_LIBRARY_PREFIX = 
CMAKE_STATIC_LIBRARY_SUFFIX = .lib
CMAKE_SHARED_LIBRARY_PREFIX = 
CMAKE_SHARED_LIBRARY_SUFFIX = .dll
CMAKE_SHARED_MODULE_PREFIX = 
CMAKE_SHARED_MODULE_SUFFIX = .dll

## ------------------ ##
## Watched variables. ##
## ------------------ ##

WARNING_CXX_FLAGS = -D_SCL_SECURE_NO_WARNINGS -D_CRT_SECURE_NO_WARNINGS -D_CRT_SECURE_NO_DEPRECATE /wd4101 /wd4250 /wd4251 /wd4275 /wd4355
_PKG_CONFIG_FOUND = undefined
PKG_CONFIG_EXECUTABLE = PKG_CONFIG_EXECUTABLE-NOTFOUND
_PKG_CONFIG_PREFIX = ${pcfiledir}/../..
_PKG_CONFIG_EXEC_PREFIX = ${pcfiledir}/../..
_PKG_CONFIG_LIBDIR = ${pcfiledir}/../../lib
_PKG_CONFIG_BINDIR = ${pcfiledir}/../../bin
_PKG_CONFIG_PKGLIBDIR = ${pcfiledir}/../../lib/pinocchio
_PKG_CONFIG_INCLUDEDIR = ${pcfiledir}/../../include
_PKG_CONFIG_DATAROOTDIR = ${pcfiledir}/../../share
_PKG_CONFIG_PKGDATAROOTDIR = ${pcfiledir}/../../share
_PKG_CONFIG_DOCDIR = 
_PKG_CONFIG_DOXYGENDOCDIR = 
_PKG_CONFIG_PROJECT_NAME = pinocchio
_PKG_CONFIG_DESCRIPTION = A fast and flexible implementation of Rigid Body Dynamics algorithms and their analytical derivatives
_PKG_CONFIG_URL = http://github.com/stack-of-tasks/pinocchio
_PKG_CONFIG_VERSION = 2.6.21
_PKG_CONFIG_REQUIRES = eigen3 >= 3.0.5;urdfdom >= 0.2.0
_PKG_CONFIG_REQUIRES_DEBUG = 
_PKG_CONFIG_REQUIRES_OPTIMIZED = 
_PKG_CONFIG_COMPILE_TIME_REQUIRES = 
_PKG_CONFIG_CONFLICTS = 
_PKG_CONFIG_LIBS =  -lpinocchio.lib -LC:/Users/nicol/vcpkg/installed/x64-windows/lib -lboost_filesystem-vc143-mt-x64-1_88.lib -lboost_serialization-vc143-mt-x64-1_88.lib -lboost_system-vc143-mt-x64-1_88.lib
_PKG_CONFIG_LIBS_DEBUG = -L${libdir}
_PKG_CONFIG_LIBS_OPTIMIZED = -L${libdir}
_PKG_CONFIG_LIBS_PRIVATE = 
_PKG_CONFIG_CFLAGS = -I${includedir} -DPINOCCHIO_WITH_URDFDOM
_PKG_CONFIG_CFLAGS_DEBUG = 
_PKG_CONFIG_CFLAGS_OPTIMIZED = 
_PKG_CONFIG_FILENAME = pinocchio.pc
PKG_CONFIG_EXTRA = 
## ---------------- ##
## Watched targets. ##
## ---------------- ##

